2024-06-14 01:23:00 INFO  com.animeweb.DemoApplication - Starting DemoApplication using Java 17.0.9 with PID 20364 (D:\CDWeb3\back-end\build\classes\java\main started by Admin in D:\CDWeb3\back-end)
2024-06-14 01:23:00 INFO  com.animeweb.DemoApplication - No active profile set, falling back to 1 default profile: "default"
2024-06-14 01:23:00 INFO  o.s.b.d.restart.ChangeableUrls - The Class-Path manifest attribute in C:\Users\Admin\.gradle\caches\modules-2\files-2.1\org.glassfish.jaxb\jaxb-runtime\2.3.1\dd6dda9da676a54c5b36ca2806ff95ee017d8738\jaxb-runtime-2.3.1.jar referenced one or more files that do not exist: file:/C:/Users/Admin/.gradle/caches/modules-2/files-2.1/org.glassfish.jaxb/jaxb-runtime/2.3.1/dd6dda9da676a54c5b36ca2806ff95ee017d8738/jaxb-api-2.3.1.jar,file:/C:/Users/Admin/.gradle/caches/modules-2/files-2.1/org.glassfish.jaxb/jaxb-runtime/2.3.1/dd6dda9da676a54c5b36ca2806ff95ee017d8738/txw2-2.3.1.jar,file:/C:/Users/Admin/.gradle/caches/modules-2/files-2.1/org.glassfish.jaxb/jaxb-runtime/2.3.1/dd6dda9da676a54c5b36ca2806ff95ee017d8738/istack-commons-runtime-3.0.7.jar,file:/C:/Users/Admin/.gradle/caches/modules-2/files-2.1/org.glassfish.jaxb/jaxb-runtime/2.3.1/dd6dda9da676a54c5b36ca2806ff95ee017d8738/stax-ex-1.8.jar,file:/C:/Users/Admin/.gradle/caches/modules-2/files-2.1/org.glassfish.jaxb/jaxb-runtime/2.3.1/dd6dda9da676a54c5b36ca2806ff95ee017d8738/FastInfoset-1.2.15.jar,file:/C:/Users/Admin/.gradle/caches/modules-2/files-2.1/org.glassfish.jaxb/jaxb-runtime/2.3.1/dd6dda9da676a54c5b36ca2806ff95ee017d8738/javax.activation-api-1.2.0.jar
2024-06-14 01:23:00 INFO  o.s.b.d.e.DevToolsPropertyDefaultsPostProcessor - Devtools property defaults active! Set 'spring.devtools.add-properties' to 'false' to disable
2024-06-14 01:23:00 INFO  o.s.b.d.e.DevToolsPropertyDefaultsPostProcessor - For additional web related logging consider setting the 'logging.level.web' property to 'DEBUG'
2024-06-14 01:23:02 INFO  o.s.d.r.c.RepositoryConfigurationDelegate - Bootstrapping Spring Data JPA repositories in DEFAULT mode.
2024-06-14 01:23:03 INFO  o.s.d.r.c.RepositoryConfigurationDelegate - Finished Spring Data repository scanning in 338 ms. Found 12 JPA repository interfaces.
2024-06-14 01:23:03 INFO  o.s.b.w.e.tomcat.TomcatWebServer - Tomcat initialized with port 8080 (http)
2024-06-14 01:23:03 INFO  o.a.catalina.core.StandardService - Starting service [Tomcat]
2024-06-14 01:23:03 INFO  o.a.catalina.core.StandardEngine - Starting Servlet engine: [Apache Tomcat/10.1.19]
2024-06-14 01:23:04 INFO  o.a.c.c.C.[Tomcat].[localhost].[/] - Initializing Spring embedded WebApplicationContext
2024-06-14 01:23:04 INFO  o.s.b.w.s.c.ServletWebServerApplicationContext - Root WebApplicationContext: initialization completed in 3257 ms
2024-06-14 01:23:04 INFO  o.h.jpa.internal.util.LogHelper - HHH000204: Processing PersistenceUnitInfo [name: default]
2024-06-14 01:23:04 INFO  org.hibernate.Version - HHH000412: Hibernate ORM core version 6.4.4.Final
2024-06-14 01:23:04 INFO  o.h.c.i.RegionFactoryInitiator - HHH000026: Second-level cache disabled
2024-06-14 01:23:04 INFO  o.s.o.j.p.SpringPersistenceUnitInfo - No LoadTimeWeaver setup: ignoring JPA class transformer
2024-06-14 01:23:04 INFO  com.zaxxer.hikari.HikariDataSource - HikariPool-1 - Starting...
2024-06-14 01:23:05 INFO  com.zaxxer.hikari.pool.HikariPool - HikariPool-1 - Added connection com.mysql.cj.jdbc.ConnectionImpl@1e80a235
2024-06-14 01:23:05 INFO  com.zaxxer.hikari.HikariDataSource - HikariPool-1 - Start completed.
2024-06-14 01:23:05 WARN  org.hibernate.orm.deprecation - HHH90000025: MySQL8Dialect does not need to be specified explicitly using 'hibernate.dialect' (remove the property setting and it will be selected by default)
2024-06-14 01:23:05 WARN  org.hibernate.orm.deprecation - HHH90000026: MySQL8Dialect has been deprecated; use org.hibernate.dialect.MySQLDialect instead
2024-06-14 01:23:06 INFO  o.h.e.t.j.p.i.JtaPlatformInitiator - HHH000489: No JTA platform available (set 'hibernate.transaction.jta.platform' to enable JTA platform integration)
2024-06-14 01:23:06 INFO  o.s.o.j.LocalContainerEntityManagerFactoryBean - Initialized JPA EntityManagerFactory for persistence unit 'default'
2024-06-14 01:23:07 INFO  o.s.d.j.r.query.QueryEnhancerFactory - Hibernate is in classpath; If applicable, HQL parser will be used.
2024-06-14 01:23:09 WARN  o.s.b.a.o.j.JpaBaseConfiguration$JpaWebConfiguration - spring.jpa.open-in-view is enabled by default. Therefore, database queries may be performed during view rendering. Explicitly configure spring.jpa.open-in-view to disable this warning
2024-06-14 01:23:09 INFO  o.s.s.web.DefaultSecurityFilterChain - Will secure any request with [org.springframework.security.web.session.DisableEncodeUrlFilter@22b27508, org.springframework.security.web.context.request.async.WebAsyncManagerIntegrationFilter@448ca83d, org.springframework.security.web.context.SecurityContextHolderFilter@60cae2b8, org.springframework.security.web.header.HeaderWriterFilter@5fe7fed6, org.springframework.web.filter.CorsFilter@6268a5ed, org.springframework.security.web.authentication.logout.LogoutFilter@10136b8f, org.springframework.security.oauth2.client.web.OAuth2AuthorizationRequestRedirectFilter@2392722a, org.springframework.security.oauth2.client.web.OAuth2LoginAuthenticationFilter@75fa7706, org.springframework.security.web.authentication.ui.DefaultLoginPageGeneratingFilter@212248db, org.springframework.security.web.authentication.ui.DefaultLogoutPageGeneratingFilter@6d6b65c1, org.springframework.security.web.savedrequest.RequestCacheAwareFilter@44540ad5, org.springframework.security.web.servletapi.SecurityContextHolderAwareRequestFilter@5fe8d8a9, org.springframework.security.web.authentication.AnonymousAuthenticationFilter@5c405751, org.springframework.security.web.access.ExceptionTranslationFilter@6f316643, org.springframework.security.web.access.intercept.AuthorizationFilter@efa605a]
2024-06-14 01:23:09 INFO  o.s.s.web.DefaultSecurityFilterChain - Will secure any request with [org.springframework.security.web.session.DisableEncodeUrlFilter@325c822a, org.springframework.security.web.context.request.async.WebAsyncManagerIntegrationFilter@6d58c360, org.springframework.security.web.context.SecurityContextHolderFilter@1df030db, org.springframework.security.web.header.HeaderWriterFilter@17824f99, org.springframework.security.web.authentication.logout.LogoutFilter@69023383, org.springframework.security.oauth2.server.resource.web.authentication.BearerTokenAuthenticationFilter@36f31ccc, org.springframework.security.web.savedrequest.RequestCacheAwareFilter@40db8e8e, org.springframework.security.web.servletapi.SecurityContextHolderAwareRequestFilter@7093c401, org.springframework.security.web.authentication.AnonymousAuthenticationFilter@9555966, org.springframework.security.web.access.ExceptionTranslationFilter@5eaddabe, org.springframework.security.web.access.intercept.AuthorizationFilter@1b6c1ea8]
2024-06-14 01:23:10 INFO  o.s.b.d.a.OptionalLiveReloadServer - LiveReload server is running on port 35729
2024-06-14 01:23:10 INFO  o.s.b.w.e.tomcat.TomcatWebServer - Tomcat started on port 8080 (http) with context path ''
2024-06-14 01:23:10 INFO  com.animeweb.DemoApplication - Started DemoApplication in 10.568 seconds (process running for 11.626)
2024-06-14 01:23:41 INFO  o.a.c.c.C.[Tomcat].[localhost].[/] - Initializing Spring DispatcherServlet 'dispatcherServlet'
2024-06-14 01:23:41 INFO  o.s.web.servlet.DispatcherServlet - Initializing Servlet 'dispatcherServlet'
2024-06-14 01:23:41 INFO  o.s.web.servlet.DispatcherServlet - Completed initialization in 2 ms
2024-06-14 01:24:02 WARN  c.a.c.admin.ServiceManageController - Service with id 26 has been deleted by admin..
2024-06-14 01:38:51 INFO  o.s.o.j.LocalContainerEntityManagerFactoryBean - Closing JPA EntityManagerFactory for persistence unit 'default'
2024-06-14 01:38:51 INFO  com.zaxxer.hikari.HikariDataSource - HikariPool-1 - Shutdown initiated...
2024-06-14 01:38:51 INFO  com.zaxxer.hikari.HikariDataSource - HikariPool-1 - Shutdown completed.
2024-06-14 15:59:39 INFO  com.animeweb.DemoApplication - Starting DemoApplication using Java 17.0.9 with PID 6696 (D:\CDWeb3\back-end\build\classes\java\main started by Admin in D:\CDWeb3\back-end)
2024-06-14 15:59:39 INFO  com.animeweb.DemoApplication - No active profile set, falling back to 1 default profile: "default"
2024-06-14 15:59:39 INFO  o.s.b.d.restart.ChangeableUrls - The Class-Path manifest attribute in C:\Users\Admin\.gradle\caches\modules-2\files-2.1\org.glassfish.jaxb\jaxb-runtime\2.3.1\dd6dda9da676a54c5b36ca2806ff95ee017d8738\jaxb-runtime-2.3.1.jar referenced one or more files that do not exist: file:/C:/Users/Admin/.gradle/caches/modules-2/files-2.1/org.glassfish.jaxb/jaxb-runtime/2.3.1/dd6dda9da676a54c5b36ca2806ff95ee017d8738/jaxb-api-2.3.1.jar,file:/C:/Users/Admin/.gradle/caches/modules-2/files-2.1/org.glassfish.jaxb/jaxb-runtime/2.3.1/dd6dda9da676a54c5b36ca2806ff95ee017d8738/txw2-2.3.1.jar,file:/C:/Users/Admin/.gradle/caches/modules-2/files-2.1/org.glassfish.jaxb/jaxb-runtime/2.3.1/dd6dda9da676a54c5b36ca2806ff95ee017d8738/istack-commons-runtime-3.0.7.jar,file:/C:/Users/Admin/.gradle/caches/modules-2/files-2.1/org.glassfish.jaxb/jaxb-runtime/2.3.1/dd6dda9da676a54c5b36ca2806ff95ee017d8738/stax-ex-1.8.jar,file:/C:/Users/Admin/.gradle/caches/modules-2/files-2.1/org.glassfish.jaxb/jaxb-runtime/2.3.1/dd6dda9da676a54c5b36ca2806ff95ee017d8738/FastInfoset-1.2.15.jar,file:/C:/Users/Admin/.gradle/caches/modules-2/files-2.1/org.glassfish.jaxb/jaxb-runtime/2.3.1/dd6dda9da676a54c5b36ca2806ff95ee017d8738/javax.activation-api-1.2.0.jar
2024-06-14 15:59:39 INFO  o.s.b.d.e.DevToolsPropertyDefaultsPostProcessor - Devtools property defaults active! Set 'spring.devtools.add-properties' to 'false' to disable
2024-06-14 15:59:39 INFO  o.s.b.d.e.DevToolsPropertyDefaultsPostProcessor - For additional web related logging consider setting the 'logging.level.web' property to 'DEBUG'
2024-06-14 15:59:40 INFO  o.s.d.r.c.RepositoryConfigurationDelegate - Bootstrapping Spring Data JPA repositories in DEFAULT mode.
2024-06-14 15:59:41 INFO  o.s.d.r.c.RepositoryConfigurationDelegate - Finished Spring Data repository scanning in 208 ms. Found 12 JPA repository interfaces.
2024-06-14 15:59:41 INFO  o.s.b.w.e.tomcat.TomcatWebServer - Tomcat initialized with port 8080 (http)
2024-06-14 15:59:41 INFO  o.a.catalina.core.StandardService - Starting service [Tomcat]
2024-06-14 15:59:41 INFO  o.a.catalina.core.StandardEngine - Starting Servlet engine: [Apache Tomcat/10.1.19]
2024-06-14 15:59:41 INFO  o.a.c.c.C.[Tomcat].[localhost].[/] - Initializing Spring embedded WebApplicationContext
2024-06-14 15:59:41 INFO  o.s.b.w.s.c.ServletWebServerApplicationContext - Root WebApplicationContext: initialization completed in 1911 ms
2024-06-14 15:59:42 INFO  o.h.jpa.internal.util.LogHelper - HHH000204: Processing PersistenceUnitInfo [name: default]
2024-06-14 15:59:42 INFO  org.hibernate.Version - HHH000412: Hibernate ORM core version 6.4.4.Final
2024-06-14 15:59:42 INFO  o.h.c.i.RegionFactoryInitiator - HHH000026: Second-level cache disabled
2024-06-14 15:59:42 INFO  o.s.o.j.p.SpringPersistenceUnitInfo - No LoadTimeWeaver setup: ignoring JPA class transformer
2024-06-14 15:59:42 INFO  com.zaxxer.hikari.HikariDataSource - HikariPool-1 - Starting...
2024-06-14 15:59:43 INFO  com.zaxxer.hikari.pool.HikariPool - HikariPool-1 - Added connection com.mysql.cj.jdbc.ConnectionImpl@18edeb40
2024-06-14 15:59:43 INFO  com.zaxxer.hikari.HikariDataSource - HikariPool-1 - Start completed.
2024-06-14 15:59:43 WARN  org.hibernate.orm.deprecation - HHH90000025: MySQL8Dialect does not need to be specified explicitly using 'hibernate.dialect' (remove the property setting and it will be selected by default)
2024-06-14 15:59:43 WARN  org.hibernate.orm.deprecation - HHH90000026: MySQL8Dialect has been deprecated; use org.hibernate.dialect.MySQLDialect instead
2024-06-14 15:59:45 INFO  o.h.e.t.j.p.i.JtaPlatformInitiator - HHH000489: No JTA platform available (set 'hibernate.transaction.jta.platform' to enable JTA platform integration)
2024-06-14 15:59:45 INFO  o.s.o.j.LocalContainerEntityManagerFactoryBean - Initialized JPA EntityManagerFactory for persistence unit 'default'
2024-06-14 15:59:45 INFO  o.s.d.j.r.query.QueryEnhancerFactory - Hibernate is in classpath; If applicable, HQL parser will be used.
2024-06-14 15:59:48 WARN  o.s.b.a.o.j.JpaBaseConfiguration$JpaWebConfiguration - spring.jpa.open-in-view is enabled by default. Therefore, database queries may be performed during view rendering. Explicitly configure spring.jpa.open-in-view to disable this warning
2024-06-14 15:59:48 INFO  o.s.s.web.DefaultSecurityFilterChain - Will secure any request with [org.springframework.security.web.session.DisableEncodeUrlFilter@276e31fc, org.springframework.security.web.context.request.async.WebAsyncManagerIntegrationFilter@71f5aae9, org.springframework.security.web.context.SecurityContextHolderFilter@1527acb2, org.springframework.security.web.header.HeaderWriterFilter@7717c36e, org.springframework.web.filter.CorsFilter@6889f5b1, org.springframework.security.web.authentication.logout.LogoutFilter@255b9e29, org.springframework.security.oauth2.client.web.OAuth2AuthorizationRequestRedirectFilter@3f5b6653, org.springframework.security.oauth2.client.web.OAuth2LoginAuthenticationFilter@6d58c360, org.springframework.security.web.authentication.ui.DefaultLoginPageGeneratingFilter@3f81509d, org.springframework.security.web.authentication.ui.DefaultLogoutPageGeneratingFilter@5a1d3474, org.springframework.security.oauth2.server.resource.web.authentication.BearerTokenAuthenticationFilter@58a2288a, org.springframework.security.web.savedrequest.RequestCacheAwareFilter@34c45cfb, org.springframework.security.web.servletapi.SecurityContextHolderAwareRequestFilter@36adb03a, org.springframework.security.web.authentication.AnonymousAuthenticationFilter@7920c838, org.springframework.security.web.access.ExceptionTranslationFilter@39501075, org.springframework.security.web.access.intercept.AuthorizationFilter@2b8d072d]
2024-06-14 15:59:48 INFO  o.s.b.d.a.OptionalLiveReloadServer - LiveReload server is running on port 35729
2024-06-14 15:59:48 INFO  o.s.b.w.e.tomcat.TomcatWebServer - Tomcat started on port 8080 (http) with context path ''
2024-06-14 15:59:48 INFO  com.animeweb.DemoApplication - Started DemoApplication in 11.633 seconds (process running for 12.625)
2024-06-14 16:00:13 INFO  o.a.c.c.C.[Tomcat].[localhost].[/] - Initializing Spring DispatcherServlet 'dispatcherServlet'
2024-06-14 16:00:13 INFO  o.s.web.servlet.DispatcherServlet - Initializing Servlet 'dispatcherServlet'
2024-06-14 16:00:13 INFO  o.s.web.servlet.DispatcherServlet - Completed initialization in 2 ms
2024-06-14 16:01:20 INFO  o.s.o.j.LocalContainerEntityManagerFactoryBean - Closing JPA EntityManagerFactory for persistence unit 'default'
2024-06-14 16:01:20 INFO  com.zaxxer.hikari.HikariDataSource - HikariPool-1 - Shutdown initiated...
2024-06-14 16:01:20 INFO  com.zaxxer.hikari.HikariDataSource - HikariPool-1 - Shutdown completed.
2024-06-14 16:01:27 INFO  com.animeweb.DemoApplication - Starting DemoApplication using Java 17.0.9 with PID 4356 (D:\CDWeb3\back-end\build\classes\java\main started by Admin in D:\CDWeb3\back-end)
2024-06-14 16:01:27 INFO  com.animeweb.DemoApplication - No active profile set, falling back to 1 default profile: "default"
2024-06-14 16:01:27 INFO  o.s.b.d.restart.ChangeableUrls - The Class-Path manifest attribute in C:\Users\Admin\.gradle\caches\modules-2\files-2.1\org.glassfish.jaxb\jaxb-runtime\2.3.1\dd6dda9da676a54c5b36ca2806ff95ee017d8738\jaxb-runtime-2.3.1.jar referenced one or more files that do not exist: file:/C:/Users/Admin/.gradle/caches/modules-2/files-2.1/org.glassfish.jaxb/jaxb-runtime/2.3.1/dd6dda9da676a54c5b36ca2806ff95ee017d8738/jaxb-api-2.3.1.jar,file:/C:/Users/Admin/.gradle/caches/modules-2/files-2.1/org.glassfish.jaxb/jaxb-runtime/2.3.1/dd6dda9da676a54c5b36ca2806ff95ee017d8738/txw2-2.3.1.jar,file:/C:/Users/Admin/.gradle/caches/modules-2/files-2.1/org.glassfish.jaxb/jaxb-runtime/2.3.1/dd6dda9da676a54c5b36ca2806ff95ee017d8738/istack-commons-runtime-3.0.7.jar,file:/C:/Users/Admin/.gradle/caches/modules-2/files-2.1/org.glassfish.jaxb/jaxb-runtime/2.3.1/dd6dda9da676a54c5b36ca2806ff95ee017d8738/stax-ex-1.8.jar,file:/C:/Users/Admin/.gradle/caches/modules-2/files-2.1/org.glassfish.jaxb/jaxb-runtime/2.3.1/dd6dda9da676a54c5b36ca2806ff95ee017d8738/FastInfoset-1.2.15.jar,file:/C:/Users/Admin/.gradle/caches/modules-2/files-2.1/org.glassfish.jaxb/jaxb-runtime/2.3.1/dd6dda9da676a54c5b36ca2806ff95ee017d8738/javax.activation-api-1.2.0.jar
2024-06-14 16:01:27 INFO  o.s.b.d.e.DevToolsPropertyDefaultsPostProcessor - Devtools property defaults active! Set 'spring.devtools.add-properties' to 'false' to disable
2024-06-14 16:01:27 INFO  o.s.b.d.e.DevToolsPropertyDefaultsPostProcessor - For additional web related logging consider setting the 'logging.level.web' property to 'DEBUG'
2024-06-14 16:01:28 INFO  o.s.d.r.c.RepositoryConfigurationDelegate - Bootstrapping Spring Data JPA repositories in DEFAULT mode.
2024-06-14 16:01:28 INFO  o.s.d.r.c.RepositoryConfigurationDelegate - Finished Spring Data repository scanning in 170 ms. Found 12 JPA repository interfaces.
2024-06-14 16:01:28 INFO  o.s.b.w.e.tomcat.TomcatWebServer - Tomcat initialized with port 8080 (http)
2024-06-14 16:01:28 INFO  o.a.catalina.core.StandardService - Starting service [Tomcat]
2024-06-14 16:01:28 INFO  o.a.catalina.core.StandardEngine - Starting Servlet engine: [Apache Tomcat/10.1.19]
2024-06-14 16:01:28 INFO  o.a.c.c.C.[Tomcat].[localhost].[/] - Initializing Spring embedded WebApplicationContext
2024-06-14 16:01:28 INFO  o.s.b.w.s.c.ServletWebServerApplicationContext - Root WebApplicationContext: initialization completed in 1634 ms
2024-06-14 16:01:29 INFO  o.h.jpa.internal.util.LogHelper - HHH000204: Processing PersistenceUnitInfo [name: default]
2024-06-14 16:01:29 INFO  org.hibernate.Version - HHH000412: Hibernate ORM core version 6.4.4.Final
2024-06-14 16:01:29 INFO  o.h.c.i.RegionFactoryInitiator - HHH000026: Second-level cache disabled
2024-06-14 16:01:29 INFO  o.s.o.j.p.SpringPersistenceUnitInfo - No LoadTimeWeaver setup: ignoring JPA class transformer
2024-06-14 16:01:29 INFO  com.zaxxer.hikari.HikariDataSource - HikariPool-1 - Starting...
2024-06-14 16:01:29 INFO  com.zaxxer.hikari.pool.HikariPool - HikariPool-1 - Added connection com.mysql.cj.jdbc.ConnectionImpl@413fbac8
2024-06-14 16:01:29 INFO  com.zaxxer.hikari.HikariDataSource - HikariPool-1 - Start completed.
2024-06-14 16:01:29 WARN  org.hibernate.orm.deprecation - HHH90000025: MySQL8Dialect does not need to be specified explicitly using 'hibernate.dialect' (remove the property setting and it will be selected by default)
2024-06-14 16:01:29 WARN  org.hibernate.orm.deprecation - HHH90000026: MySQL8Dialect has been deprecated; use org.hibernate.dialect.MySQLDialect instead
2024-06-14 16:01:30 INFO  o.h.e.t.j.p.i.JtaPlatformInitiator - HHH000489: No JTA platform available (set 'hibernate.transaction.jta.platform' to enable JTA platform integration)
2024-06-14 16:01:30 INFO  o.s.o.j.LocalContainerEntityManagerFactoryBean - Initialized JPA EntityManagerFactory for persistence unit 'default'
2024-06-14 16:01:31 INFO  o.s.d.j.r.query.QueryEnhancerFactory - Hibernate is in classpath; If applicable, HQL parser will be used.
2024-06-14 16:01:34 WARN  o.s.b.a.o.j.JpaBaseConfiguration$JpaWebConfiguration - spring.jpa.open-in-view is enabled by default. Therefore, database queries may be performed during view rendering. Explicitly configure spring.jpa.open-in-view to disable this warning
2024-06-14 16:01:34 INFO  o.s.s.web.DefaultSecurityFilterChain - Will secure any request with [org.springframework.security.web.session.DisableEncodeUrlFilter@2347c9de, org.springframework.security.web.context.request.async.WebAsyncManagerIntegrationFilter@61355cc, org.springframework.security.web.context.SecurityContextHolderFilter@6babbd84, org.springframework.security.web.header.HeaderWriterFilter@c265ee5, org.springframework.web.filter.CorsFilter@1ba70121, org.springframework.security.web.authentication.logout.LogoutFilter@aa22cbc, org.springframework.security.oauth2.client.web.OAuth2AuthorizationRequestRedirectFilter@78f528, org.springframework.security.oauth2.client.web.OAuth2LoginAuthenticationFilter@6451b1c9, org.springframework.security.web.authentication.ui.DefaultLoginPageGeneratingFilter@66084700, org.springframework.security.web.authentication.ui.DefaultLogoutPageGeneratingFilter@60250a5b, org.springframework.security.oauth2.server.resource.web.authentication.BearerTokenAuthenticationFilter@7cddbf9f, org.springframework.security.web.savedrequest.RequestCacheAwareFilter@47a9f54c, org.springframework.security.web.servletapi.SecurityContextHolderAwareRequestFilter@15743de8, org.springframework.security.web.authentication.AnonymousAuthenticationFilter@993206f, org.springframework.security.web.access.ExceptionTranslationFilter@76726c7b, org.springframework.security.web.access.intercept.AuthorizationFilter@24603725]
2024-06-14 16:01:34 INFO  o.s.b.d.a.OptionalLiveReloadServer - LiveReload server is running on port 35729
2024-06-14 16:01:34 INFO  o.s.b.w.e.tomcat.TomcatWebServer - Tomcat started on port 8080 (http) with context path ''
2024-06-14 16:01:34 INFO  com.animeweb.DemoApplication - Started DemoApplication in 7.728 seconds (process running for 9.514)
2024-06-14 16:02:49 INFO  o.a.c.c.C.[Tomcat].[localhost].[/] - Initializing Spring DispatcherServlet 'dispatcherServlet'
2024-06-14 16:02:49 INFO  o.s.web.servlet.DispatcherServlet - Initializing Servlet 'dispatcherServlet'
2024-06-14 16:02:49 INFO  o.s.web.servlet.DispatcherServlet - Completed initialization in 2 ms
2024-06-14 16:04:44 INFO  o.s.o.j.LocalContainerEntityManagerFactoryBean - Closing JPA EntityManagerFactory for persistence unit 'default'
2024-06-14 16:04:44 INFO  com.zaxxer.hikari.HikariDataSource - HikariPool-1 - Shutdown initiated...
2024-06-14 16:04:44 INFO  com.zaxxer.hikari.HikariDataSource - HikariPool-1 - Shutdown completed.
2024-06-14 16:04:51 INFO  com.animeweb.DemoApplication - Starting DemoApplication using Java 17.0.9 with PID 17952 (D:\CDWeb3\back-end\build\classes\java\main started by Admin in D:\CDWeb3\back-end)
2024-06-14 16:04:51 INFO  com.animeweb.DemoApplication - No active profile set, falling back to 1 default profile: "default"
2024-06-14 16:04:51 INFO  o.s.b.d.restart.ChangeableUrls - The Class-Path manifest attribute in C:\Users\Admin\.gradle\caches\modules-2\files-2.1\org.glassfish.jaxb\jaxb-runtime\2.3.1\dd6dda9da676a54c5b36ca2806ff95ee017d8738\jaxb-runtime-2.3.1.jar referenced one or more files that do not exist: file:/C:/Users/Admin/.gradle/caches/modules-2/files-2.1/org.glassfish.jaxb/jaxb-runtime/2.3.1/dd6dda9da676a54c5b36ca2806ff95ee017d8738/jaxb-api-2.3.1.jar,file:/C:/Users/Admin/.gradle/caches/modules-2/files-2.1/org.glassfish.jaxb/jaxb-runtime/2.3.1/dd6dda9da676a54c5b36ca2806ff95ee017d8738/txw2-2.3.1.jar,file:/C:/Users/Admin/.gradle/caches/modules-2/files-2.1/org.glassfish.jaxb/jaxb-runtime/2.3.1/dd6dda9da676a54c5b36ca2806ff95ee017d8738/istack-commons-runtime-3.0.7.jar,file:/C:/Users/Admin/.gradle/caches/modules-2/files-2.1/org.glassfish.jaxb/jaxb-runtime/2.3.1/dd6dda9da676a54c5b36ca2806ff95ee017d8738/stax-ex-1.8.jar,file:/C:/Users/Admin/.gradle/caches/modules-2/files-2.1/org.glassfish.jaxb/jaxb-runtime/2.3.1/dd6dda9da676a54c5b36ca2806ff95ee017d8738/FastInfoset-1.2.15.jar,file:/C:/Users/Admin/.gradle/caches/modules-2/files-2.1/org.glassfish.jaxb/jaxb-runtime/2.3.1/dd6dda9da676a54c5b36ca2806ff95ee017d8738/javax.activation-api-1.2.0.jar
2024-06-14 16:04:51 INFO  o.s.b.d.e.DevToolsPropertyDefaultsPostProcessor - Devtools property defaults active! Set 'spring.devtools.add-properties' to 'false' to disable
2024-06-14 16:04:51 INFO  o.s.b.d.e.DevToolsPropertyDefaultsPostProcessor - For additional web related logging consider setting the 'logging.level.web' property to 'DEBUG'
2024-06-14 16:04:52 INFO  o.s.d.r.c.RepositoryConfigurationDelegate - Bootstrapping Spring Data JPA repositories in DEFAULT mode.
2024-06-14 16:04:53 INFO  o.s.d.r.c.RepositoryConfigurationDelegate - Finished Spring Data repository scanning in 229 ms. Found 12 JPA repository interfaces.
2024-06-14 16:04:53 INFO  o.s.b.w.e.tomcat.TomcatWebServer - Tomcat initialized with port 8080 (http)
2024-06-14 16:04:53 INFO  o.a.catalina.core.StandardService - Starting service [Tomcat]
2024-06-14 16:04:53 INFO  o.a.catalina.core.StandardEngine - Starting Servlet engine: [Apache Tomcat/10.1.19]
2024-06-14 16:04:53 INFO  o.a.c.c.C.[Tomcat].[localhost].[/] - Initializing Spring embedded WebApplicationContext
2024-06-14 16:04:53 INFO  o.s.b.w.s.c.ServletWebServerApplicationContext - Root WebApplicationContext: initialization completed in 1995 ms
2024-06-14 16:04:54 INFO  o.h.jpa.internal.util.LogHelper - HHH000204: Processing PersistenceUnitInfo [name: default]
2024-06-14 16:04:54 INFO  org.hibernate.Version - HHH000412: Hibernate ORM core version 6.4.4.Final
2024-06-14 16:04:54 INFO  o.h.c.i.RegionFactoryInitiator - HHH000026: Second-level cache disabled
2024-06-14 16:04:54 INFO  o.s.o.j.p.SpringPersistenceUnitInfo - No LoadTimeWeaver setup: ignoring JPA class transformer
2024-06-14 16:04:54 INFO  com.zaxxer.hikari.HikariDataSource - HikariPool-1 - Starting...
2024-06-14 16:04:54 INFO  com.zaxxer.hikari.pool.HikariPool - HikariPool-1 - Added connection com.mysql.cj.jdbc.ConnectionImpl@30b33e95
2024-06-14 16:04:54 INFO  com.zaxxer.hikari.HikariDataSource - HikariPool-1 - Start completed.
2024-06-14 16:04:54 WARN  org.hibernate.orm.deprecation - HHH90000025: MySQL8Dialect does not need to be specified explicitly using 'hibernate.dialect' (remove the property setting and it will be selected by default)
2024-06-14 16:04:54 WARN  org.hibernate.orm.deprecation - HHH90000026: MySQL8Dialect has been deprecated; use org.hibernate.dialect.MySQLDialect instead
2024-06-14 16:04:56 INFO  o.h.e.t.j.p.i.JtaPlatformInitiator - HHH000489: No JTA platform available (set 'hibernate.transaction.jta.platform' to enable JTA platform integration)
2024-06-14 16:04:56 INFO  o.s.o.j.LocalContainerEntityManagerFactoryBean - Initialized JPA EntityManagerFactory for persistence unit 'default'
2024-06-14 16:04:56 INFO  o.s.d.j.r.query.QueryEnhancerFactory - Hibernate is in classpath; If applicable, HQL parser will be used.
2024-06-14 16:04:59 WARN  o.s.b.a.o.j.JpaBaseConfiguration$JpaWebConfiguration - spring.jpa.open-in-view is enabled by default. Therefore, database queries may be performed during view rendering. Explicitly configure spring.jpa.open-in-view to disable this warning
2024-06-14 16:04:59 INFO  o.s.s.web.DefaultSecurityFilterChain - Will secure any request with [org.springframework.security.web.session.DisableEncodeUrlFilter@1b21d7d4, org.springframework.security.web.context.request.async.WebAsyncManagerIntegrationFilter@369e6c7e, org.springframework.security.web.context.SecurityContextHolderFilter@73cfe11b, org.springframework.security.web.header.HeaderWriterFilter@15cc47a2, org.springframework.web.filter.CorsFilter@2d7f4a6e, org.springframework.security.web.authentication.logout.LogoutFilter@79e3b498, org.springframework.security.oauth2.client.web.OAuth2AuthorizationRequestRedirectFilter@11e3b053, org.springframework.security.oauth2.client.web.OAuth2LoginAuthenticationFilter@174c8c46, org.springframework.security.web.authentication.ui.DefaultLoginPageGeneratingFilter@63daede6, org.springframework.security.web.authentication.ui.DefaultLogoutPageGeneratingFilter@5ea2dd3b, org.springframework.security.oauth2.server.resource.web.authentication.BearerTokenAuthenticationFilter@3b2da9f3, org.springframework.security.web.savedrequest.RequestCacheAwareFilter@2a581592, org.springframework.security.web.servletapi.SecurityContextHolderAwareRequestFilter@18b56566, org.springframework.security.web.authentication.AnonymousAuthenticationFilter@4ba82e4c, org.springframework.security.web.access.ExceptionTranslationFilter@62305fe1, org.springframework.security.web.access.intercept.AuthorizationFilter@6bb0d2d1]
2024-06-14 16:05:00 INFO  o.s.b.d.a.OptionalLiveReloadServer - LiveReload server is running on port 35729
2024-06-14 16:05:00 INFO  o.s.b.w.e.tomcat.TomcatWebServer - Tomcat started on port 8080 (http) with context path ''
2024-06-14 16:05:00 INFO  com.animeweb.DemoApplication - Started DemoApplication in 8.957 seconds (process running for 10.965)
2024-06-14 16:05:02 INFO  o.a.c.c.C.[Tomcat].[localhost].[/] - Initializing Spring DispatcherServlet 'dispatcherServlet'
2024-06-14 16:05:02 INFO  o.s.web.servlet.DispatcherServlet - Initializing Servlet 'dispatcherServlet'
2024-06-14 16:05:02 INFO  o.s.web.servlet.DispatcherServlet - Completed initialization in 1 ms
2024-06-14 16:48:14 INFO  o.s.o.j.LocalContainerEntityManagerFactoryBean - Closing JPA EntityManagerFactory for persistence unit 'default'
2024-06-14 16:48:14 INFO  com.zaxxer.hikari.HikariDataSource - HikariPool-1 - Shutdown initiated...
2024-06-14 16:48:14 INFO  com.zaxxer.hikari.HikariDataSource - HikariPool-1 - Shutdown completed.
2024-06-14 16:48:19 INFO  com.animeweb.DemoApplication - Starting DemoApplication using Java 17.0.9 with PID 6268 (D:\CDWeb3\back-end\build\classes\java\main started by Admin in D:\CDWeb3\back-end)
2024-06-14 16:48:19 INFO  com.animeweb.DemoApplication - No active profile set, falling back to 1 default profile: "default"
2024-06-14 16:48:19 INFO  o.s.b.d.restart.ChangeableUrls - The Class-Path manifest attribute in C:\Users\Admin\.gradle\caches\modules-2\files-2.1\org.glassfish.jaxb\jaxb-runtime\2.3.1\dd6dda9da676a54c5b36ca2806ff95ee017d8738\jaxb-runtime-2.3.1.jar referenced one or more files that do not exist: file:/C:/Users/Admin/.gradle/caches/modules-2/files-2.1/org.glassfish.jaxb/jaxb-runtime/2.3.1/dd6dda9da676a54c5b36ca2806ff95ee017d8738/jaxb-api-2.3.1.jar,file:/C:/Users/Admin/.gradle/caches/modules-2/files-2.1/org.glassfish.jaxb/jaxb-runtime/2.3.1/dd6dda9da676a54c5b36ca2806ff95ee017d8738/txw2-2.3.1.jar,file:/C:/Users/Admin/.gradle/caches/modules-2/files-2.1/org.glassfish.jaxb/jaxb-runtime/2.3.1/dd6dda9da676a54c5b36ca2806ff95ee017d8738/istack-commons-runtime-3.0.7.jar,file:/C:/Users/Admin/.gradle/caches/modules-2/files-2.1/org.glassfish.jaxb/jaxb-runtime/2.3.1/dd6dda9da676a54c5b36ca2806ff95ee017d8738/stax-ex-1.8.jar,file:/C:/Users/Admin/.gradle/caches/modules-2/files-2.1/org.glassfish.jaxb/jaxb-runtime/2.3.1/dd6dda9da676a54c5b36ca2806ff95ee017d8738/FastInfoset-1.2.15.jar,file:/C:/Users/Admin/.gradle/caches/modules-2/files-2.1/org.glassfish.jaxb/jaxb-runtime/2.3.1/dd6dda9da676a54c5b36ca2806ff95ee017d8738/javax.activation-api-1.2.0.jar
2024-06-14 16:48:19 INFO  o.s.b.d.e.DevToolsPropertyDefaultsPostProcessor - Devtools property defaults active! Set 'spring.devtools.add-properties' to 'false' to disable
2024-06-14 16:48:19 INFO  o.s.b.d.e.DevToolsPropertyDefaultsPostProcessor - For additional web related logging consider setting the 'logging.level.web' property to 'DEBUG'
2024-06-14 16:48:22 INFO  o.s.d.r.c.RepositoryConfigurationDelegate - Bootstrapping Spring Data JPA repositories in DEFAULT mode.
2024-06-14 16:48:22 INFO  o.s.d.r.c.RepositoryConfigurationDelegate - Finished Spring Data repository scanning in 206 ms. Found 12 JPA repository interfaces.
2024-06-14 16:48:22 INFO  o.s.b.w.e.tomcat.TomcatWebServer - Tomcat initialized with port 8080 (http)
2024-06-14 16:48:22 INFO  o.a.catalina.core.StandardService - Starting service [Tomcat]
2024-06-14 16:48:22 INFO  o.a.catalina.core.StandardEngine - Starting Servlet engine: [Apache Tomcat/10.1.19]
2024-06-14 16:48:22 INFO  o.a.c.c.C.[Tomcat].[localhost].[/] - Initializing Spring embedded WebApplicationContext
2024-06-14 16:48:22 INFO  o.s.b.w.s.c.ServletWebServerApplicationContext - Root WebApplicationContext: initialization completed in 3335 ms
2024-06-14 16:48:23 INFO  o.h.jpa.internal.util.LogHelper - HHH000204: Processing PersistenceUnitInfo [name: default]
2024-06-14 16:48:23 INFO  org.hibernate.Version - HHH000412: Hibernate ORM core version 6.4.4.Final
2024-06-14 16:48:23 INFO  o.h.c.i.RegionFactoryInitiator - HHH000026: Second-level cache disabled
2024-06-14 16:48:23 INFO  o.s.o.j.p.SpringPersistenceUnitInfo - No LoadTimeWeaver setup: ignoring JPA class transformer
2024-06-14 16:48:23 INFO  com.zaxxer.hikari.HikariDataSource - HikariPool-1 - Starting...
2024-06-14 16:48:23 INFO  com.zaxxer.hikari.pool.HikariPool - HikariPool-1 - Added connection com.mysql.cj.jdbc.ConnectionImpl@32dad994
2024-06-14 16:48:23 INFO  com.zaxxer.hikari.HikariDataSource - HikariPool-1 - Start completed.
2024-06-14 16:48:23 WARN  org.hibernate.orm.deprecation - HHH90000025: MySQL8Dialect does not need to be specified explicitly using 'hibernate.dialect' (remove the property setting and it will be selected by default)
2024-06-14 16:48:23 WARN  org.hibernate.orm.deprecation - HHH90000026: MySQL8Dialect has been deprecated; use org.hibernate.dialect.MySQLDialect instead
2024-06-14 16:48:24 INFO  o.h.e.t.j.p.i.JtaPlatformInitiator - HHH000489: No JTA platform available (set 'hibernate.transaction.jta.platform' to enable JTA platform integration)
2024-06-14 16:48:25 INFO  o.s.o.j.LocalContainerEntityManagerFactoryBean - Initialized JPA EntityManagerFactory for persistence unit 'default'
2024-06-14 16:48:25 INFO  o.s.d.j.r.query.QueryEnhancerFactory - Hibernate is in classpath; If applicable, HQL parser will be used.
2024-06-14 16:48:28 WARN  o.s.b.a.o.j.JpaBaseConfiguration$JpaWebConfiguration - spring.jpa.open-in-view is enabled by default. Therefore, database queries may be performed during view rendering. Explicitly configure spring.jpa.open-in-view to disable this warning
2024-06-14 16:48:28 INFO  o.s.s.web.DefaultSecurityFilterChain - Will secure any request with [org.springframework.security.web.session.DisableEncodeUrlFilter@7db98408, org.springframework.security.web.context.request.async.WebAsyncManagerIntegrationFilter@472a3553, org.springframework.security.web.context.SecurityContextHolderFilter@61b88b91, org.springframework.security.web.header.HeaderWriterFilter@4df62bd6, org.springframework.web.filter.CorsFilter@1bf5d99b, org.springframework.security.web.authentication.logout.LogoutFilter@b724af6, org.springframework.security.oauth2.client.web.OAuth2AuthorizationRequestRedirectFilter@6b0d961f, org.springframework.security.oauth2.client.web.OAuth2LoginAuthenticationFilter@7a034839, org.springframework.security.web.authentication.ui.DefaultLoginPageGeneratingFilter@5c647152, org.springframework.security.web.authentication.ui.DefaultLogoutPageGeneratingFilter@7b57185c, org.springframework.security.oauth2.server.resource.web.authentication.BearerTokenAuthenticationFilter@5a38f1b3, org.springframework.security.web.savedrequest.RequestCacheAwareFilter@3e6c3743, org.springframework.security.web.servletapi.SecurityContextHolderAwareRequestFilter@743c8378, org.springframework.security.web.authentication.AnonymousAuthenticationFilter@4aff5afa, org.springframework.security.web.access.ExceptionTranslationFilter@693e5177, org.springframework.security.web.access.intercept.AuthorizationFilter@6a90dbfe]
2024-06-14 16:48:29 INFO  o.s.b.d.a.OptionalLiveReloadServer - LiveReload server is running on port 35729
2024-06-14 16:48:29 INFO  o.s.b.w.e.tomcat.TomcatWebServer - Tomcat started on port 8080 (http) with context path ''
2024-06-14 16:48:29 INFO  com.animeweb.DemoApplication - Started DemoApplication in 10.123 seconds (process running for 10.971)
2024-06-14 16:49:07 INFO  o.a.c.c.C.[Tomcat].[localhost].[/] - Initializing Spring DispatcherServlet 'dispatcherServlet'
2024-06-14 16:49:07 INFO  o.s.web.servlet.DispatcherServlet - Initializing Servlet 'dispatcherServlet'
2024-06-14 16:49:07 INFO  o.s.web.servlet.DispatcherServlet - Completed initialization in 1 ms
2024-06-14 16:49:18 ERROR o.a.c.c.C.[.[.[.[dispatcherServlet] - Servlet.service() for servlet [dispatcherServlet] in context with path [] threw exception
java.io.FileNotFoundException: No log files found to archive.
	at com.animeweb.controller.admin.LogController.archiveLogs(LogController.java:32)
	at java.base/jdk.internal.reflect.NativeMethodAccessorImpl.invoke0(Native Method)
	at java.base/jdk.internal.reflect.NativeMethodAccessorImpl.invoke(NativeMethodAccessorImpl.java:77)
	at java.base/jdk.internal.reflect.DelegatingMethodAccessorImpl.invoke(DelegatingMethodAccessorImpl.java:43)
	at java.base/java.lang.reflect.Method.invoke(Method.java:568)
	at org.springframework.web.method.support.InvocableHandlerMethod.doInvoke(InvocableHandlerMethod.java:255)
	at org.springframework.web.method.support.InvocableHandlerMethod.invokeForRequest(InvocableHandlerMethod.java:188)
	at org.springframework.web.servlet.mvc.method.annotation.ServletInvocableHandlerMethod.invokeAndHandle(ServletInvocableHandlerMethod.java:118)
	at org.springframework.web.servlet.mvc.method.annotation.RequestMappingHandlerAdapter.invokeHandlerMethod(RequestMappingHandlerAdapter.java:925)
	at org.springframework.web.servlet.mvc.method.annotation.RequestMappingHandlerAdapter.handleInternal(RequestMappingHandlerAdapter.java:830)
	at org.springframework.web.servlet.mvc.method.AbstractHandlerMethodAdapter.handle(AbstractHandlerMethodAdapter.java:87)
	at org.springframework.web.servlet.DispatcherServlet.doDispatch(DispatcherServlet.java:1089)
	at org.springframework.web.servlet.DispatcherServlet.doService(DispatcherServlet.java:979)
	at org.springframework.web.servlet.FrameworkServlet.processRequest(FrameworkServlet.java:1014)
	at org.springframework.web.servlet.FrameworkServlet.doGet(FrameworkServlet.java:903)
	at jakarta.servlet.http.HttpServlet.service(HttpServlet.java:564)
	at org.springframework.web.servlet.FrameworkServlet.service(FrameworkServlet.java:885)
	at jakarta.servlet.http.HttpServlet.service(HttpServlet.java:658)
	at org.apache.catalina.core.ApplicationFilterChain.internalDoFilter(ApplicationFilterChain.java:205)
	at org.apache.catalina.core.ApplicationFilterChain.doFilter(ApplicationFilterChain.java:149)
	at org.apache.tomcat.websocket.server.WsFilter.doFilter(WsFilter.java:51)
	at org.apache.catalina.core.ApplicationFilterChain.internalDoFilter(ApplicationFilterChain.java:174)
	at org.apache.catalina.core.ApplicationFilterChain.doFilter(ApplicationFilterChain.java:149)
	at org.springframework.web.filter.CorsFilter.doFilterInternal(CorsFilter.java:91)
	at org.springframework.web.filter.OncePerRequestFilter.doFilter(OncePerRequestFilter.java:116)
	at org.apache.catalina.core.ApplicationFilterChain.internalDoFilter(ApplicationFilterChain.java:174)
	at org.apache.catalina.core.ApplicationFilterChain.doFilter(ApplicationFilterChain.java:149)
	at org.springframework.web.filter.CompositeFilter$VirtualFilterChain.doFilter(CompositeFilter.java:108)
	at org.springframework.security.web.FilterChainProxy.lambda$doFilterInternal$3(FilterChainProxy.java:231)
	at org.springframework.security.web.FilterChainProxy$VirtualFilterChain.doFilter(FilterChainProxy.java:365)
	at org.springframework.security.web.access.intercept.AuthorizationFilter.doFilter(AuthorizationFilter.java:100)
	at org.springframework.security.web.FilterChainProxy$VirtualFilterChain.doFilter(FilterChainProxy.java:374)
	at org.springframework.security.web.access.ExceptionTranslationFilter.doFilter(ExceptionTranslationFilter.java:126)
	at org.springframework.security.web.access.ExceptionTranslationFilter.doFilter(ExceptionTranslationFilter.java:120)
	at org.springframework.security.web.FilterChainProxy$VirtualFilterChain.doFilter(FilterChainProxy.java:374)
	at org.springframework.security.web.authentication.AnonymousAuthenticationFilter.doFilter(AnonymousAuthenticationFilter.java:100)
	at org.springframework.security.web.FilterChainProxy$VirtualFilterChain.doFilter(FilterChainProxy.java:374)
	at org.springframework.security.web.servletapi.SecurityContextHolderAwareRequestFilter.doFilter(SecurityContextHolderAwareRequestFilter.java:179)
	at org.springframework.security.web.FilterChainProxy$VirtualFilterChain.doFilter(FilterChainProxy.java:374)
	at org.springframework.security.web.savedrequest.RequestCacheAwareFilter.doFilter(RequestCacheAwareFilter.java:63)
	at org.springframework.security.web.FilterChainProxy$VirtualFilterChain.doFilter(FilterChainProxy.java:374)
	at org.springframework.security.oauth2.server.resource.web.authentication.BearerTokenAuthenticationFilter.doFilterInternal(BearerTokenAuthenticationFilter.java:128)
	at org.springframework.web.filter.OncePerRequestFilter.doFilter(OncePerRequestFilter.java:116)
	at org.springframework.security.web.FilterChainProxy$VirtualFilterChain.doFilter(FilterChainProxy.java:374)
	at org.springframework.security.web.authentication.ui.DefaultLogoutPageGeneratingFilter.doFilterInternal(DefaultLogoutPageGeneratingFilter.java:58)
	at org.springframework.web.filter.OncePerRequestFilter.doFilter(OncePerRequestFilter.java:116)
	at org.springframework.security.web.FilterChainProxy$VirtualFilterChain.doFilter(FilterChainProxy.java:374)
	at org.springframework.security.web.authentication.ui.DefaultLoginPageGeneratingFilter.doFilter(DefaultLoginPageGeneratingFilter.java:189)
	at org.springframework.security.web.authentication.ui.DefaultLoginPageGeneratingFilter.doFilter(DefaultLoginPageGeneratingFilter.java:175)
	at org.springframework.security.web.FilterChainProxy$VirtualFilterChain.doFilter(FilterChainProxy.java:374)
	at org.springframework.security.web.authentication.AbstractAuthenticationProcessingFilter.doFilter(AbstractAuthenticationProcessingFilter.java:227)
	at org.springframework.security.web.authentication.AbstractAuthenticationProcessingFilter.doFilter(AbstractAuthenticationProcessingFilter.java:221)
	at org.springframework.security.web.FilterChainProxy$VirtualFilterChain.doFilter(FilterChainProxy.java:374)
	at org.springframework.security.oauth2.client.web.OAuth2AuthorizationRequestRedirectFilter.doFilterInternal(OAuth2AuthorizationRequestRedirectFilter.java:181)
	at org.springframework.web.filter.OncePerRequestFilter.doFilter(OncePerRequestFilter.java:116)
	at org.springframework.security.web.FilterChainProxy$VirtualFilterChain.doFilter(FilterChainProxy.java:374)
	at org.springframework.security.web.authentication.logout.LogoutFilter.doFilter(LogoutFilter.java:107)
	at org.springframework.security.web.authentication.logout.LogoutFilter.doFilter(LogoutFilter.java:93)
	at org.springframework.security.web.FilterChainProxy$VirtualFilterChain.doFilter(FilterChainProxy.java:374)
	at org.springframework.web.filter.CorsFilter.doFilterInternal(CorsFilter.java:91)
	at org.springframework.web.filter.OncePerRequestFilter.doFilter(OncePerRequestFilter.java:116)
	at org.springframework.security.web.FilterChainProxy$VirtualFilterChain.doFilter(FilterChainProxy.java:374)
	at org.springframework.security.web.header.HeaderWriterFilter.doHeadersAfter(HeaderWriterFilter.java:90)
	at org.springframework.security.web.header.HeaderWriterFilter.doFilterInternal(HeaderWriterFilter.java:75)
	at org.springframework.web.filter.OncePerRequestFilter.doFilter(OncePerRequestFilter.java:116)
	at org.springframework.security.web.FilterChainProxy$VirtualFilterChain.doFilter(FilterChainProxy.java:374)
	at org.springframework.security.web.context.SecurityContextHolderFilter.doFilter(SecurityContextHolderFilter.java:82)
	at org.springframework.security.web.context.SecurityContextHolderFilter.doFilter(SecurityContextHolderFilter.java:69)
	at org.springframework.security.web.FilterChainProxy$VirtualFilterChain.doFilter(FilterChainProxy.java:374)
	at org.springframework.security.web.context.request.async.WebAsyncManagerIntegrationFilter.doFilterInternal(WebAsyncManagerIntegrationFilter.java:62)
	at org.springframework.web.filter.OncePerRequestFilter.doFilter(OncePerRequestFilter.java:116)
	at org.springframework.security.web.FilterChainProxy$VirtualFilterChain.doFilter(FilterChainProxy.java:374)
	at org.springframework.security.web.session.DisableEncodeUrlFilter.doFilterInternal(DisableEncodeUrlFilter.java:42)
	at org.springframework.web.filter.OncePerRequestFilter.doFilter(OncePerRequestFilter.java:116)
	at org.springframework.security.web.FilterChainProxy$VirtualFilterChain.doFilter(FilterChainProxy.java:374)
	at org.springframework.security.web.FilterChainProxy.doFilterInternal(FilterChainProxy.java:233)
	at org.springframework.security.web.FilterChainProxy.doFilter(FilterChainProxy.java:191)
	at org.springframework.web.filter.CompositeFilter$VirtualFilterChain.doFilter(CompositeFilter.java:113)
	at org.springframework.web.servlet.handler.HandlerMappingIntrospector.lambda$createCacheFilter$3(HandlerMappingIntrospector.java:195)
	at org.springframework.web.filter.CompositeFilter$VirtualFilterChain.doFilter(CompositeFilter.java:113)
	at org.springframework.web.filter.CompositeFilter.doFilter(CompositeFilter.java:74)
	at org.springframework.security.config.annotation.web.configuration.WebMvcSecurityConfiguration$CompositeFilterChainProxy.doFilter(WebMvcSecurityConfiguration.java:230)
	at org.springframework.web.filter.DelegatingFilterProxy.invokeDelegate(DelegatingFilterProxy.java:352)
	at org.springframework.web.filter.DelegatingFilterProxy.doFilter(DelegatingFilterProxy.java:268)
	at org.apache.catalina.core.ApplicationFilterChain.internalDoFilter(ApplicationFilterChain.java:174)
	at org.apache.catalina.core.ApplicationFilterChain.doFilter(ApplicationFilterChain.java:149)
	at org.springframework.web.filter.RequestContextFilter.doFilterInternal(RequestContextFilter.java:100)
	at org.springframework.web.filter.OncePerRequestFilter.doFilter(OncePerRequestFilter.java:116)
	at org.apache.catalina.core.ApplicationFilterChain.internalDoFilter(ApplicationFilterChain.java:174)
	at org.apache.catalina.core.ApplicationFilterChain.doFilter(ApplicationFilterChain.java:149)
	at org.springframework.web.filter.FormContentFilter.doFilterInternal(FormContentFilter.java:93)
	at org.springframework.web.filter.OncePerRequestFilter.doFilter(OncePerRequestFilter.java:116)
	at org.apache.catalina.core.ApplicationFilterChain.internalDoFilter(ApplicationFilterChain.java:174)
	at org.apache.catalina.core.ApplicationFilterChain.doFilter(ApplicationFilterChain.java:149)
	at org.springframework.web.filter.CharacterEncodingFilter.doFilterInternal(CharacterEncodingFilter.java:201)
	at org.springframework.web.filter.OncePerRequestFilter.doFilter(OncePerRequestFilter.java:116)
	at org.apache.catalina.core.ApplicationFilterChain.internalDoFilter(ApplicationFilterChain.java:174)
	at org.apache.catalina.core.ApplicationFilterChain.doFilter(ApplicationFilterChain.java:149)
	at org.apache.catalina.core.StandardWrapperValve.invoke(StandardWrapperValve.java:167)
	at org.apache.catalina.core.StandardContextValve.invoke(StandardContextValve.java:90)
	at org.apache.catalina.authenticator.AuthenticatorBase.invoke(AuthenticatorBase.java:482)
	at org.apache.catalina.core.StandardHostValve.invoke(StandardHostValve.java:115)
	at org.apache.catalina.valves.ErrorReportValve.invoke(ErrorReportValve.java:93)
	at org.apache.catalina.core.StandardEngineValve.invoke(StandardEngineValve.java:74)
	at org.apache.catalina.connector.CoyoteAdapter.service(CoyoteAdapter.java:344)
	at org.apache.coyote.http11.Http11Processor.service(Http11Processor.java:391)
	at org.apache.coyote.AbstractProcessorLight.process(AbstractProcessorLight.java:63)
	at org.apache.coyote.AbstractProtocol$ConnectionHandler.process(AbstractProtocol.java:896)
	at org.apache.tomcat.util.net.NioEndpoint$SocketProcessor.doRun(NioEndpoint.java:1744)
	at org.apache.tomcat.util.net.SocketProcessorBase.run(SocketProcessorBase.java:52)
	at org.apache.tomcat.util.threads.ThreadPoolExecutor.runWorker(ThreadPoolExecutor.java:1191)
	at org.apache.tomcat.util.threads.ThreadPoolExecutor$Worker.run(ThreadPoolExecutor.java:659)
	at org.apache.tomcat.util.threads.TaskThread$WrappingRunnable.run(TaskThread.java:63)
	at java.base/java.lang.Thread.run(Thread.java:842)
2024-06-14 16:53:18 INFO  o.s.o.j.LocalContainerEntityManagerFactoryBean - Closing JPA EntityManagerFactory for persistence unit 'default'
2024-06-14 16:53:18 INFO  com.zaxxer.hikari.HikariDataSource - HikariPool-1 - Shutdown initiated...
2024-06-14 16:53:18 INFO  com.zaxxer.hikari.HikariDataSource - HikariPool-1 - Shutdown completed.
